<?xml version="1.0" encoding="UTF-8"?>
<testng-results ignored="0" total="1" passed="1" failed="0" skipped="0">
  <reporter-output>
  </reporter-output>
  <suite started-at="2025-10-21T23:39:08 ICT" name="Default suite" finished-at="2025-10-21T23:39:16 ICT" duration-ms="8466">
    <groups>
    </groups>
    <test started-at="2025-10-21T23:39:08 ICT" name="Default test" finished-at="2025-10-21T23:39:16 ICT" duration-ms="8466">
      <class name="automation.testsuite.BTVN_D7">
        <test-method signature="Nhapthongtin()[pri:0, instance:automation.testsuite.BTVN_D7@145f66e3]" started-at="2025-10-21T23:39:08 ICT" name="Nhapthongtin" finished-at="2025-10-21T23:39:16 ICT" duration-ms="8390" status="PASS">
          <reporter-output>
          </reporter-output>
        </test-method> <!-- Nhapthongtin -->
      </class> <!-- automation.testsuite.BTVN_D7 -->
    </test> <!-- Default test -->
  </suite> <!-- Default suite -->
</testng-results>
